<?xml version="1.0" encoding="UTF-8"?>
<testsuite name="TestSuite" time="75.726" tests="23" errors="0" skipped="0" failures="1">
  <properties>
    <property name="java.runtime.name" value="Java(TM) SE Runtime Environment"/>
    <property name="sun.boot.library.path" value="C:\Program Files\Java\jre7\bin"/>
    <property name="java.vm.version" value="23.25-b01"/>
    <property name="user.country.format" value="UA"/>
    <property name="java.vm.vendor" value="Oracle Corporation"/>
    <property name="java.vendor.url" value="http://java.oracle.com/"/>
    <property name="path.separator" value=";"/>
    <property name="guice.disable.misplaced.annotation.check" value="true"/>
    <property name="java.vm.name" value="Java HotSpot(TM) 64-Bit Server VM"/>
    <property name="file.encoding.pkg" value="sun.io"/>
    <property name="user.script" value=""/>
    <property name="user.country" value="RU"/>
    <property name="sun.java.launcher" value="SUN_STANDARD"/>
    <property name="sun.os.patch.level" value="Service Pack 1"/>
    <property name="java.vm.specification.name" value="Java Virtual Machine Specification"/>
    <property name="user.dir" value="C:\Nur\Music.nur"/>
    <property name="java.runtime.version" value="1.7.0_25-b17"/>
    <property name="java.awt.graphicsenv" value="sun.awt.Win32GraphicsEnvironment"/>
    <property name="java.endorsed.dirs" value="C:\Program Files\Java\jre7\lib\endorsed"/>
    <property name="os.arch" value="amd64"/>
    <property name="java.io.tmpdir" value="C:\Users\Voice\AppData\Local\Temp\"/>
    <property name="line.separator" value="&#10;"/>
    <property name="java.vm.specification.vendor" value="Oracle Corporation"/>
    <property name="user.variant" value=""/>
    <property name="os.name" value="Windows 7"/>
    <property name="classworlds.conf" value="C:\Nur\.metadata\.plugins\org.eclipse.m2e.launching\launches\m2conf3038309949998591763.tmp"/>
    <property name="sun.jnu.encoding" value="Cp1251"/>
    <property name="java.library.path" value="C:\Program Files\Java\jre7\bin;C:\Windows\Sun\Java\bin;C:\Windows\system32;C:\Windows;C:\Users\Voice\AppData\Local\Google\Chrome\Application;C:\Windows\System32;C:\Program Files\TortoiseGit\bin;C:\Program Files (x86)\Maven\bin;C:\Program Files (x86)\Git\cmd;."/>
    <property name="java.specification.name" value="Java Platform API Specification"/>
    <property name="java.class.version" value="51.0"/>
    <property name="sun.management.compiler" value="HotSpot 64-Bit Tiered Compilers"/>
    <property name="os.version" value="6.1"/>
    <property name="user.home" value="C:\Users\Voice"/>
    <property name="user.timezone" value="Europe/Helsinki"/>
    <property name="java.awt.printerjob" value="sun.awt.windows.WPrinterJob"/>
    <property name="java.specification.version" value="1.7"/>
    <property name="file.encoding" value="UTF8"/>
    <property name="user.name" value="Voice"/>
    <property name="java.class.path" value="/D:/Testing soft/eclipse-standard-kepler-R-win32-x86_64/eclipse/configuration/org.eclipse.osgi/bundles/360/1/.cp/jars/plexus-classworlds-2.4.jar"/>
    <property name="java.vm.specification.version" value="1.7"/>
    <property name="sun.arch.data.model" value="64"/>
    <property name="java.home" value="C:\Program Files\Java\jre7"/>
    <property name="sun.java.command" value="org.codehaus.plexus.classworlds.launcher.Launcher -B test"/>
    <property name="java.specification.vendor" value="Oracle Corporation"/>
    <property name="user.language" value="ru"/>
    <property name="user.language.format" value="uk"/>
    <property name="awt.toolkit" value="sun.awt.windows.WToolkit"/>
    <property name="java.vm.info" value="mixed mode"/>
    <property name="java.version" value="1.7.0_25"/>
    <property name="java.ext.dirs" value="C:\Program Files\Java\jre7\lib\ext;C:\Windows\Sun\Java\lib\ext"/>
    <property name="sun.boot.class.path" value="C:\Program Files\Java\jre7\lib\resources.jar;C:\Program Files\Java\jre7\lib\rt.jar;C:\Program Files\Java\jre7\lib\sunrsasign.jar;C:\Program Files\Java\jre7\lib\jsse.jar;C:\Program Files\Java\jre7\lib\jce.jar;C:\Program Files\Java\jre7\lib\charsets.jar;C:\Program Files\Java\jre7\lib\jfr.jar;C:\Program Files\Java\jre7\classes"/>
    <property name="java.vendor" value="Oracle Corporation"/>
    <property name="maven.home" value="C:\Nur\Music.nur\EMBEDDED"/>
    <property name="file.separator" value="\"/>
    <property name="java.vendor.url.bug" value="http://bugreport.sun.com/bugreport/"/>
    <property name="maven.bootclasspath" value="/D:/Testing soft/eclipse-standard-kepler-R-win32-x86_64/eclipse/configuration/org.eclipse.osgi/bundles/360/1/.cp/jars/plexus-classworlds-2.4.jar"/>
    <property name="sun.cpu.endian" value="little"/>
    <property name="sun.io.unicode.encoding" value="UnicodeLittle"/>
    <property name="sun.desktop" value="windows"/>
    <property name="sun.cpu.isalist" value="amd64"/>
  </properties>
  <testcase name="LogIn" classname="user.Login" time="10.265"/>
  <testcase name="PlayMusic" classname="content.PlayMusicOnLand" time="13.078"/>
  <testcase name="MusicGenres" classname="content.Genres" time="3.459"/>
  <testcase name="socialOnMusic" classname="content.SocialLinks" time="2.006"/>
  <testcase name="MusicArtists" classname="content.Artists" time="2.069"/>
  <testcase name="blocksOnMusic" classname="content.Bloks" time="2.044"/>
  <testcase name="MusicTitles" classname="content.BlokTitles" time="1.744"/>
  <testcase name="KazahGenres" classname="content.Genres" time="3.135"/>
  <testcase name="socialOnNovinki" classname="content.SocialLinks" time="2.362"/>
  <testcase name="NovinkiArtists" classname="content.Artists" time="2.211"/>
  <testcase name="BlocksOnNovinki" classname="content.Bloks" time="1.579"/>
  <testcase name="NovinkiTitles" classname="content.BlokTitles" time="1.766"/>
  <testcase name="socialOnKazah" classname="content.SocialLinks" time="1.875"/>
  <testcase name="KazahArtists" classname="content.Artists" time="1.974"/>
  <testcase name="BlocksOnKazah" classname="content.Bloks" time="1.37"/>
  <testcase name="KazahTitles" classname="content.BlokTitles" time="1.804"/>
  <testcase name="socialOnPlaylist" classname="content.SocialLinks" time="1.934"/>
  <testcase name="UploadTrack" classname="upload.Upload" time="4.03">
    <failure message="Cannot run program &quot;resource/upload_scrpt.exe&quot;: CreateProcess error=2, Íå óäàåòñÿ íàéòè óêàçàííûé ôàéë" type="java.io.IOException"><![CDATA[java.io.IOException: Cannot run program "resource/upload_scrpt.exe": CreateProcess error=2, Íå óäàåòñÿ íàéòè óêàçàííûé ôàéë
	at java.lang.ProcessImpl.create(Native Method)
	at java.lang.ProcessImpl.<init>(Unknown Source)
	at java.lang.ProcessImpl.start(Unknown Source)
	at java.lang.ProcessBuilder.start(Unknown Source)
	at java.lang.Runtime.exec(Unknown Source)
	at java.lang.Runtime.exec(Unknown Source)
	at java.lang.Runtime.exec(Unknown Source)
	at upload.Upload.UploadTrack(Upload.java:27)
]]></failure>
    <system-out>--------------------------------------------------
Проверяет загрузку треков на сайт
STARTED: [Class=Upload] [Method=UploadTrack]
</system-out>
  </testcase>
  <testcase name="MusicHeader" classname="content.Headers" time="3.336"/>
  <testcase name="NovinkiHeader" classname="content.Headers" time="3.529"/>
  <testcase name="KazahHeader" classname="content.Headers" time="5.308"/>
  <testcase name="PlaylistHeader" classname="content.Headers" time="2.488"/>
  <testcase name="UploadHeader" classname="content.Headers" time="2.36"/>
</testsuite>