<?xml version="1.0" encoding="UTF-8"?>
<!-- Generated by org.testng.reporters.JUnitReportReporter -->
<testsuite hostname="Voice-ПК" name="content.BlokTitles" tests="3" failures="0" timestamp="30 Oct 2013 11:40:37 GMT" time="4.129" errors="0">
  <testcase name="MusicTitles" time="1.406" classname="content.BlokTitles"/>
  <testcase name="NovinkiTitles" time="1.401" classname="content.BlokTitles"/>
  <testcase name="KazahTitles" time="1.322" classname="content.BlokTitles"/>
</testsuite> <!-- content.BlokTitles -->
