<?xml version="1.0" encoding="UTF-8"?>
<!-- Generated by org.testng.reporters.JUnitReportReporter -->
<testsuite hostname="Voice-ПК" name="content.Headers" tests="5" failures="0" timestamp="31 Oct 2013 13:06:31 GMT" time="14.639" errors="0">
  <testcase name="UploadHeader" time="2.380" classname="content.Headers"/>
  <testcase name="MusicHeader" time="3.486" classname="content.Headers"/>
  <testcase name="NovinkiHeader" time="3.744" classname="content.Headers"/>
  <testcase name="PlaylistHeader" time="2.441" classname="content.Headers"/>
  <testcase name="KazahHeader" time="2.588" classname="content.Headers"/>
</testsuite> <!-- content.Headers -->
