<?xml version="1.0" encoding="UTF-8"?>
<!-- Generated by org.testng.reporters.JUnitReportReporter -->
<testsuite hostname="Voice-ПК" name="upload.Download" tests="1" failures="0" timestamp="6 Nov 2013 11:28:57 GMT" time="33.301" errors="0">
  <testcase name="download" time="33.301" classname="upload.Download"/>
</testsuite> <!-- upload.Download -->
