<?xml version="1.0" encoding="UTF-8"?>
<!-- Generated by org.testng.reporters.JUnitReportReporter -->
<testsuite hostname="Voice-ПК" name="content.Headers" tests="5" failures="0" timestamp="31 Oct 2013 12:54:11 GMT" time="13.514" errors="0">
  <testcase name="KazahHeader" time="2.665" classname="content.Headers"/>
  <testcase name="MusicHeader" time="2.889" classname="content.Headers"/>
  <testcase name="PlaylistHeader" time="2.540" classname="content.Headers"/>
  <testcase name="NovinkiHeader" time="3.065" classname="content.Headers"/>
  <testcase name="UploadHeader" time="2.355" classname="content.Headers"/>
</testsuite> <!-- content.Headers -->
