<?xml version="1.0" encoding="UTF-8"?>
<!-- Generated by org.testng.reporters.JUnitReportReporter -->
<testsuite hostname="Voice-ПК" name="content.SocialLinks" tests="4" failures="0" timestamp="25 Oct 2013 09:55:55 GMT" time="9.824" errors="0">
  <testcase name="socialOnMusic" time="3.878" classname="content.SocialLinks"/>
  <testcase name="socialOnNovinki" time="2.294" classname="content.SocialLinks"/>
  <testcase name="socialOnAzer" time="2.030" classname="content.SocialLinks"/>
  <testcase name="socialOnPlaylist" time="1.622" classname="content.SocialLinks"/>
</testsuite> <!-- content.SocialLinks -->
