<?xml version="1.0" encoding="UTF-8"?>
<!-- Generated by org.testng.reporters.JUnitReportReporter -->
<testsuite hostname="Voice-ПК" name="content.BlokTitles" tests="3" failures="0" timestamp="31 Oct 2013 13:06:31 GMT" time="5.464" errors="0">
  <testcase name="KazahTitles" time="1.372" classname="content.BlokTitles"/>
  <testcase name="NovinkiTitles" time="2.364" classname="content.BlokTitles"/>
  <testcase name="MusicTitles" time="1.728" classname="content.BlokTitles"/>
</testsuite> <!-- content.BlokTitles -->
