<?xml version="1.0" encoding="UTF-8"?>
<!-- Generated by org.testng.reporters.JUnitReportReporter -->
<testsuite hostname="Voice-ПК" name="content.Headers" tests="5" failures="0" timestamp="25 Oct 2013 12:50:00 GMT" time="13.890" errors="0">
  <testcase name="UploadHeader" time="2.766" classname="content.Headers"/>
  <testcase name="MusicHeader" time="2.716" classname="content.Headers"/>
  <testcase name="NovinkiHeader" time="3.063" classname="content.Headers"/>
  <testcase name="KazahHeader" time="2.924" classname="content.Headers"/>
  <testcase name="PlaylistHeader" time="2.421" classname="content.Headers"/>
</testsuite> <!-- content.Headers -->
