<?xml version="1.0" encoding="UTF-8"?>
<!-- Generated by org.testng.reporters.JUnitReportReporter -->
<testsuite hostname="Voice-ПК" name="content.BlokTitles" tests="3" failures="0" timestamp="31 Oct 2013 12:54:11 GMT" time="5.374" errors="0">
  <testcase name="NovinkiTitles" time="2.037" classname="content.BlokTitles"/>
  <testcase name="KazahTitles" time="1.509" classname="content.BlokTitles"/>
  <testcase name="MusicTitles" time="1.828" classname="content.BlokTitles"/>
</testsuite> <!-- content.BlokTitles -->
