<?xml version="1.0" encoding="UTF-8"?>
<!-- Generated by org.testng.reporters.JUnitReportReporter -->
<testsuite hostname="Voice-ПК" name="content.Artists" tests="3" failures="0" timestamp="8 Nov 2013 10:47:06 GMT" time="32.857" errors="0">
  <testcase name="MusicArtists" time="2.873" classname="content.Artists"/>
  <testcase name="KazahArtists" time="5.645" classname="content.Artists"/>
  <testcase name="NovinkiArtists" time="24.339" classname="content.Artists"/>
</testsuite> <!-- content.Artists -->
