<?xml version="1.0" encoding="UTF-8"?>
<!-- Generated by org.testng.reporters.JUnitReportReporter -->
<testsuite hostname="Voice-ПК" name="content.Bloks" tests="3" failures="0" timestamp="5 Nov 2013 22:36:03 GMT" time="14.510" errors="0">
  <testcase name="BlocksOnKazah" time="5.903" classname="content.Bloks"/>
  <testcase name="BlocksOnNovinki" time="5.155" classname="content.Bloks"/>
  <testcase name="blocksOnMusic" time="3.452" classname="content.Bloks"/>
</testsuite> <!-- content.Bloks -->
