<?xml version="1.0" encoding="UTF-8"?>
<!-- Generated by org.testng.reporters.JUnitReportReporter -->
<testsuite hostname="Voice-ПК" name="content.Artists" tests="3" failures="0" timestamp="25 Oct 2013 12:50:00 GMT" time="5.604" errors="0">
  <testcase name="KazahArtists" time="1.988" classname="content.Artists"/>
  <testcase name="NovinkiArtists" time="1.760" classname="content.Artists"/>
  <testcase name="MusicArtists" time="1.856" classname="content.Artists"/>
</testsuite> <!-- content.Artists -->
