<?xml version="1.0" encoding="UTF-8"?>
<!-- Generated by org.testng.reporters.JUnitReportReporter -->
<testsuite hostname="Voice-ПК" name="upload.Upload" tests="1" failures="0" timestamp="30 Oct 2013 10:41:47 GMT" time="11.223" errors="0">
  <testcase name="UploadTrack" time="11.223" classname="upload.Upload"/>
</testsuite> <!-- upload.Upload -->
