<?xml version="1.0" encoding="UTF-8"?>
<!-- Generated by org.testng.reporters.JUnitReportReporter -->
<testsuite hostname="Voice-ПК" name="content.SocialLinks" tests="4" failures="0" timestamp="8 Nov 2013 10:47:06 GMT" time="15.848" errors="0">
  <testcase name="socialOnNovinki" time="4.266" classname="content.SocialLinks"/>
  <testcase name="socialOnKazah" time="3.729" classname="content.SocialLinks"/>
  <testcase name="socialOnPlaylist" time="1.834" classname="content.SocialLinks"/>
  <testcase name="socialOnMusic" time="6.019" classname="content.SocialLinks"/>
</testsuite> <!-- content.SocialLinks -->
