<?xml version="1.0" encoding="UTF-8"?>
<!-- Generated by org.testng.reporters.JUnitReportReporter -->
<testsuite hostname="Voice-ПК" name="content.Artists" tests="3" failures="0" timestamp="30 Oct 2013 11:40:37 GMT" time="6.495" errors="0">
  <testcase name="NovinkiArtists" time="2.010" classname="content.Artists"/>
  <testcase name="KazahArtists" time="2.302" classname="content.Artists"/>
  <testcase name="MusicArtists" time="2.183" classname="content.Artists"/>
</testsuite> <!-- content.Artists -->
