<?xml version="1.0" encoding="UTF-8"?>
<!-- Generated by org.testng.reporters.JUnitReportReporter -->
<testsuite hostname="Voice-ПК" name="content.Genres" tests="2" failures="0" timestamp="8 Nov 2013 10:47:06 GMT" time="6.121" errors="0">
  <testcase name="MusicGenres" time="3.129" classname="content.Genres"/>
  <testcase name="KazahGenres" time="2.992" classname="content.Genres"/>
</testsuite> <!-- content.Genres -->
