<?xml version="1.0" encoding="UTF-8"?>
<!-- Generated by org.testng.reporters.JUnitReportReporter -->
<testsuite hostname="Voice-ПК" name="upload.Download" tests="1" failures="0" timestamp="5 Nov 2013 11:07:46 GMT" time="30.695" errors="0">
  <testcase name="download" time="30.695" classname="upload.Download"/>
</testsuite> <!-- upload.Download -->
