<?xml version="1.0" encoding="UTF-8"?>
<!-- Generated by org.testng.reporters.JUnitReportReporter -->
<testsuite hostname="Voice-ПК" name="user.Login" tests="1" failures="0" timestamp="31 Oct 2013 12:54:11 GMT" time="16.197" errors="0">
  <testcase name="LogIn" time="16.197" classname="user.Login"/>
</testsuite> <!-- user.Login -->
