<?xml version="1.0" encoding="UTF-8"?>
<!-- Generated by org.testng.reporters.JUnitReportReporter -->
<testsuite hostname="Voice-ПК" name="content.Genres" tests="2" failures="0" timestamp="30 Oct 2013 11:40:37 GMT" time="7.285" errors="0">
  <testcase name="MusicGenres" time="3.685" classname="content.Genres"/>
  <testcase name="KazahGenres" time="3.600" classname="content.Genres"/>
</testsuite> <!-- content.Genres -->
