<?xml version="1.0" encoding="UTF-8"?>
<!-- Generated by org.testng.reporters.JUnitReportReporter -->
<testsuite hostname="Voice-ПК" name="upload.Download" tests="1" failures="0" timestamp="1 Nov 2013 13:58:16 GMT" time="71.065" errors="0">
  <testcase name="download" time="71.065" classname="upload.Download"/>
</testsuite> <!-- upload.Download -->
