<?xml version="1.0" encoding="UTF-8"?>
<!-- Generated by org.testng.reporters.JUnitReportReporter -->
<testsuite hostname="Voice-ПК" name="upload.Download" tests="1" failures="0" timestamp="5 Nov 2013 16:02:20 GMT" time="60.167" errors="0">
  <testcase name="download" time="60.167" classname="upload.Download"/>
</testsuite> <!-- upload.Download -->
