<?xml version="1.0" encoding="UTF-8"?>
<!-- Generated by org.testng.reporters.JUnitReportReporter -->
<testsuite hostname="Voice-ПК" name="user.Login" tests="1" failures="0" timestamp="8 Nov 2013 10:47:06 GMT" time="27.974" errors="0">
  <testcase name="LogIn" time="27.974" classname="user.Login"/>
</testsuite> <!-- user.Login -->
