<?xml version="1.0" encoding="UTF-8"?>
<!-- Generated by org.testng.reporters.JUnitReportReporter -->
<testsuite hostname="Voice-ПК" name="upload.Upload" tests="1" failures="0" timestamp="25 Oct 2013 12:50:00 GMT" time="9.353" errors="0">
  <testcase name="UploadTrack" time="9.353" classname="upload.Upload"/>
</testsuite> <!-- upload.Upload -->
