<?xml version="1.0" encoding="UTF-8"?>
<!-- Generated by org.testng.reporters.JUnitReportReporter -->
<testsuite hostname="Voice-ПК" name="upload.Upload" tests="1" failures="0" timestamp="30 Oct 2013 08:49:45 GMT" time="14.204" errors="0">
  <testcase name="UploadTrack" time="14.204" classname="upload.Upload"/>
</testsuite> <!-- upload.Upload -->
