<?xml version="1.0" encoding="UTF-8"?>
<!-- Generated by org.testng.reporters.JUnitReportReporter -->
<testsuite hostname="Voice-ПК" name="upload.Upload" tests="1" failures="0" timestamp="25 Oct 2013 12:44:13 GMT" time="14.294" errors="0">
  <testcase name="UploadTrack" time="14.294" classname="upload.Upload"/>
</testsuite> <!-- upload.Upload -->
