<?xml version="1.0" encoding="UTF-8"?>
<!-- Generated by org.testng.reporters.JUnitReportReporter -->
<testsuite hostname="Voice-ПК" name="content.Genres" tests="2" failures="0" timestamp="25 Oct 2013 09:55:55 GMT" time="8.268" errors="0">
  <testcase name="MusicGenres" time="3.339" classname="content.Genres"/>
  <testcase name="KazahGenres" time="4.929" classname="content.Genres"/>
</testsuite> <!-- content.Genres -->
