<?xml version="1.0" encoding="UTF-8"?>
<!-- Generated by org.testng.reporters.JUnitReportReporter -->
<testsuite hostname="Voice-ПК" name="content.Genres" tests="2" failures="0" timestamp="25 Oct 2013 12:50:00 GMT" time="6.134" errors="0">
  <testcase name="KazahGenres" time="3.256" classname="content.Genres"/>
  <testcase name="MusicGenres" time="2.878" classname="content.Genres"/>
</testsuite> <!-- content.Genres -->
