<?xml version="1.0" encoding="UTF-8"?>
<!-- Generated by org.testng.reporters.JUnitReportReporter -->
<testsuite hostname="Voice-ПК" name="content.SocialLinks" tests="4" failures="0" timestamp="5 Nov 2013 22:36:03 GMT" time="24.257" errors="0">
  <testcase name="socialOnMusic" time="7.283" classname="content.SocialLinks"/>
  <testcase name="socialOnPlaylist" time="3.587" classname="content.SocialLinks"/>
  <testcase name="socialOnKazah" time="8.110" classname="content.SocialLinks"/>
  <testcase name="socialOnNovinki" time="5.277" classname="content.SocialLinks"/>
</testsuite> <!-- content.SocialLinks -->
