<?xml version="1.0" encoding="UTF-8"?>
<!-- Generated by org.testng.reporters.JUnitReportReporter -->
<testsuite hostname="Voice-ПК" name="user.Login" tests="1" failures="0" timestamp="25 Oct 2013 12:50:00 GMT" time="13.330" errors="0">
  <testcase name="LogIn" time="13.330" classname="user.Login"/>
</testsuite> <!-- user.Login -->
