<?xml version="1.0" encoding="UTF-8"?>
<!-- Generated by org.testng.reporters.JUnitReportReporter -->
<testsuite hostname="Voice-ПК" name="content.Genres" tests="2" failures="0" timestamp="31 Oct 2013 12:54:11 GMT" time="6.242" errors="0">
  <testcase name="KazahGenres" time="3.399" classname="content.Genres"/>
  <testcase name="MusicGenres" time="2.843" classname="content.Genres"/>
</testsuite> <!-- content.Genres -->
