<?xml version="1.0" encoding="UTF-8"?>
<!-- Generated by org.testng.reporters.JUnitReportReporter -->
<testsuite hostname="Voice-ПК" name="content.Genres" tests="2" failures="0" timestamp="25 Oct 2013 14:01:20 GMT" time="8.045" errors="0">
  <testcase name="MusicGenres" time="3.591" classname="content.Genres"/>
  <testcase name="KazahGenres" time="4.454" classname="content.Genres"/>
</testsuite> <!-- content.Genres -->
