<?xml version="1.0" encoding="UTF-8"?>
<!-- Generated by org.testng.reporters.JUnitReportReporter -->
<testsuite hostname="Voice-ПК" name="content.Bloks" tests="3" failures="0" timestamp="30 Oct 2013 11:40:37 GMT" time="5.281" errors="0">
  <testcase name="blocksOnMusic" time="1.903" classname="content.Bloks"/>
  <testcase name="BlocksOnNovinki" time="1.155" classname="content.Bloks"/>
  <testcase name="BlocksOnKazah" time="2.223" classname="content.Bloks"/>
</testsuite> <!-- content.Bloks -->
