<?xml version="1.0" encoding="UTF-8"?>
<!-- Generated by org.testng.reporters.JUnitReportReporter -->
<testsuite hostname="Voice-ПК" name="content.Genres" tests="2" failures="0" timestamp="25 Oct 2013 10:55:56 GMT" time="6.313" errors="0">
  <testcase name="MusicGenres" time="3.112" classname="content.Genres"/>
  <testcase name="KazahGenres" time="3.201" classname="content.Genres"/>
</testsuite> <!-- content.Genres -->
