<?xml version="1.0" encoding="UTF-8"?>
<!-- Generated by org.testng.reporters.JUnitReportReporter -->
<testsuite hostname="Voice-ПК" name="content.SocialLinks" tests="4" failures="0" timestamp="25 Oct 2013 14:01:20 GMT" time="9.317" errors="0">
  <testcase name="socialOnNovinki" time="3.616" classname="content.SocialLinks"/>
  <testcase name="socialOnPlaylist" time="1.481" classname="content.SocialLinks"/>
  <testcase name="socialOnMusic" time="1.867" classname="content.SocialLinks"/>
  <testcase name="socialOnKazah" time="2.353" classname="content.SocialLinks"/>
</testsuite> <!-- content.SocialLinks -->
