<?xml version="1.0" encoding="UTF-8"?>
<!-- Generated by org.testng.reporters.JUnitReportReporter -->
<testsuite hostname="Voice-ПК" name="user.Login" tests="1" failures="0" timestamp="30 Oct 2013 08:49:45 GMT" time="9.262" errors="0">
  <testcase name="LogIn" time="9.262" classname="user.Login"/>
</testsuite> <!-- user.Login -->
