<?xml version="1.0" encoding="UTF-8"?>
<!-- Generated by org.testng.reporters.JUnitReportReporter -->
<testsuite hostname="Voice-ПК" name="content.Headers" tests="5" failures="0" timestamp="25 Oct 2013 14:01:20 GMT" time="15.120" errors="0">
  <testcase name="KazahHeader" time="2.761" classname="content.Headers"/>
  <testcase name="PlaylistHeader" time="2.431" classname="content.Headers"/>
  <testcase name="MusicHeader" time="2.945" classname="content.Headers"/>
  <testcase name="NovinkiHeader" time="3.635" classname="content.Headers"/>
  <testcase name="UploadHeader" time="3.348" classname="content.Headers"/>
</testsuite> <!-- content.Headers -->
