<?xml version="1.0" encoding="UTF-8"?>
<!-- Generated by org.testng.reporters.JUnitReportReporter -->
<testsuite hostname="Voice-ПК" name="content.BlokTitles" tests="3" failures="0" timestamp="25 Oct 2013 14:01:20 GMT" time="7.154" errors="0">
  <testcase name="KazahTitles" time="1.747" classname="content.BlokTitles"/>
  <testcase name="MusicTitles" time="3.926" classname="content.BlokTitles"/>
  <testcase name="NovinkiTitles" time="1.481" classname="content.BlokTitles"/>
</testsuite> <!-- content.BlokTitles -->
