<?xml version="1.0" encoding="UTF-8"?>
<!-- Generated by org.testng.reporters.JUnitReportReporter -->
<testsuite hostname="Voice-ПК" name="user.Login" tests="1" failures="0" timestamp="5 Nov 2013 16:07:10 GMT" time="22.574" errors="0">
  <testcase name="LogIn" time="22.574" classname="user.Login"/>
</testsuite> <!-- user.Login -->
