<?xml version="1.0" encoding="UTF-8"?>
<!-- Generated by org.testng.reporters.JUnitReportReporter -->
<testsuite hostname="Voice-ПК" name="content.SocialLinks" tests="4" failures="0" timestamp="31 Oct 2013 12:54:11 GMT" time="7.823" errors="0">
  <testcase name="socialOnMusic" time="2.009" classname="content.SocialLinks"/>
  <testcase name="socialOnPlaylist" time="1.735" classname="content.SocialLinks"/>
  <testcase name="socialOnNovinki" time="2.298" classname="content.SocialLinks"/>
  <testcase name="socialOnKazah" time="1.781" classname="content.SocialLinks"/>
</testsuite> <!-- content.SocialLinks -->
