<?xml version="1.0" encoding="UTF-8"?>
<!-- Generated by org.testng.reporters.JUnitReportReporter -->
<testsuite hostname="Voice-ПК" name="user.Login" tests="1" failures="0" timestamp="29 Oct 2013 10:18:08 GMT" time="14.010" errors="0">
  <testcase name="LogIn" time="14.010" classname="user.Login"/>
</testsuite> <!-- user.Login -->
