<?xml version="1.0" encoding="UTF-8"?>
<!-- Generated by org.testng.reporters.JUnitReportReporter -->
<testsuite hostname="Voice-ПК" name="content.Artists" tests="3" failures="0" timestamp="25 Oct 2013 10:55:55 GMT" time="7.068" errors="0">
  <testcase name="KazahArtists" time="1.894" classname="content.Artists"/>
  <testcase name="NovinkiArtists" time="2.556" classname="content.Artists"/>
  <testcase name="MusicArtists" time="2.618" classname="content.Artists"/>
</testsuite> <!-- content.Artists -->
