<?xml version="1.0" encoding="UTF-8"?>
<!-- Generated by org.testng.reporters.JUnitReportReporter -->
<testsuite hostname="Voice-ПК" name="content.SocialLinks" tests="4" failures="0" timestamp="25 Oct 2013 10:55:56 GMT" time="10.140" errors="0">
  <testcase name="socialOnKazah" time="3.840" classname="content.SocialLinks"/>
  <testcase name="socialOnMusic" time="1.887" classname="content.SocialLinks"/>
  <testcase name="socialOnNovinki" time="3.208" classname="content.SocialLinks"/>
  <testcase name="socialOnPlaylist" time="1.205" classname="content.SocialLinks"/>
</testsuite> <!-- content.SocialLinks -->
