<?xml version="1.0" encoding="UTF-8"?>
<!-- Generated by org.testng.reporters.JUnitReportReporter -->
<testsuite hostname="Voice-ПК" name="content.Artists" tests="3" failures="0" timestamp="5 Nov 2013 22:36:03 GMT" time="27.033" errors="0">
  <testcase name="NovinkiArtists" time="5.839" classname="content.Artists"/>
  <testcase name="KazahArtists" time="6.641" classname="content.Artists"/>
  <testcase name="MusicArtists" time="14.553" classname="content.Artists"/>
</testsuite> <!-- content.Artists -->
