<?xml version="1.0" encoding="UTF-8"?>
<!-- Generated by org.testng.reporters.JUnitReportReporter -->
<testsuite hostname="Voice-ПК" name="content.Headers" tests="5" failures="0" timestamp="23 Oct 2013 12:45:53 GMT" time="22.322" errors="0">
  <testcase name="KazahHeader" time="4.949" classname="content.Headers"/>
  <testcase name="PlaylistHeader" time="3.809" classname="content.Headers"/>
  <testcase name="UploadHeader" time="3.228" classname="content.Headers"/>
  <testcase name="MusicHeader" time="3.373" classname="content.Headers"/>
  <testcase name="NovinkiHeader" time="6.963" classname="content.Headers"/>
</testsuite> <!-- content.Headers -->
