<?xml version="1.0" encoding="UTF-8"?>
<!-- Generated by org.testng.reporters.JUnitReportReporter -->
<testsuite hostname="Voice-ПК" name="content.SocialLinks" tests="4" failures="0" timestamp="30 Oct 2013 11:40:37 GMT" time="9.988" errors="0">
  <testcase name="socialOnNovinki" time="2.450" classname="content.SocialLinks"/>
  <testcase name="socialOnKazah" time="4.200" classname="content.SocialLinks"/>
  <testcase name="socialOnMusic" time="2.020" classname="content.SocialLinks"/>
  <testcase name="socialOnPlaylist" time="1.318" classname="content.SocialLinks"/>
</testsuite> <!-- content.SocialLinks -->
