<?xml version="1.0" encoding="UTF-8"?>
<!-- Generated by org.testng.reporters.JUnitReportReporter -->
<testsuite hostname="Voice-ПК" name="content.Bloks" tests="3" failures="0" timestamp="25 Oct 2013 10:55:56 GMT" time="7.783" errors="0">
  <testcase name="BlocksOnKazah" time="4.303" classname="content.Bloks"/>
  <testcase name="BlocksOnNovinki" time="1.910" classname="content.Bloks"/>
  <testcase name="blocksOnMusic" time="1.570" classname="content.Bloks"/>
</testsuite> <!-- content.Bloks -->
