<?xml version="1.0" encoding="UTF-8"?>
<!-- Generated by org.testng.reporters.JUnitReportReporter -->
<testsuite hostname="Voice-ПК" name="content.Headers" tests="5" failures="0" timestamp="25 Oct 2013 09:55:55 GMT" time="14.728" errors="0">
  <testcase name="KazahHeader" time="3.257" classname="content.Headers"/>
  <testcase name="UploadHeader" time="2.394" classname="content.Headers"/>
  <testcase name="MusicHeader" time="3.591" classname="content.Headers"/>
  <testcase name="NovinkiHeader" time="2.768" classname="content.Headers"/>
  <testcase name="PlaylistHeader" time="2.718" classname="content.Headers"/>
</testsuite> <!-- content.Headers -->
