<?xml version="1.0" encoding="UTF-8"?>
<!-- Generated by org.testng.reporters.JUnitReportReporter -->
<testsuite hostname="Voice-ПК" name="content.Genres" tests="2" failures="0" timestamp="31 Oct 2013 13:06:31 GMT" time="8.095" errors="0">
  <testcase name="MusicGenres" time="2.861" classname="content.Genres"/>
  <testcase name="KazahGenres" time="5.234" classname="content.Genres"/>
</testsuite> <!-- content.Genres -->
