<?xml version="1.0" encoding="UTF-8"?>
<!-- Generated by org.testng.reporters.JUnitReportReporter -->
<testsuite hostname="Voice-ПК" name="user.Login" tests="1" failures="0" timestamp="30 Oct 2013 15:23:30 GMT" time="24.000" errors="0">
  <testcase name="LogIn" time="24.000" classname="user.Login"/>
</testsuite> <!-- user.Login -->
