<?xml version="1.0" encoding="UTF-8"?>
<!-- Generated by org.testng.reporters.JUnitReportReporter -->
<testsuite hostname="Voice-ПК" name="content.Headers" tests="5" failures="0" timestamp="5 Nov 2013 16:07:10 GMT" time="64.402" errors="0">
  <testcase name="KazahHeader" time="4.950" classname="content.Headers"/>
  <testcase name="PlaylistHeader" time="10.314" classname="content.Headers"/>
  <testcase name="UploadHeader" time="4.198" classname="content.Headers"/>
  <testcase name="MusicHeader" time="37.868" classname="content.Headers"/>
  <testcase name="NovinkiHeader" time="7.072" classname="content.Headers"/>
</testsuite> <!-- content.Headers -->
