<?xml version="1.0" encoding="UTF-8"?>
<!-- Generated by org.testng.reporters.JUnitReportReporter -->
<testsuite hostname="Voice-ПК" name="content.Bloks" tests="3" failures="0" timestamp="25 Oct 2013 12:50:00 GMT" time="4.754" errors="0">
  <testcase name="BlocksOnNovinki" time="1.906" classname="content.Bloks"/>
  <testcase name="blocksOnMusic" time="1.439" classname="content.Bloks"/>
  <testcase name="BlocksOnKazah" time="1.409" classname="content.Bloks"/>
</testsuite> <!-- content.Bloks -->
