<?xml version="1.0" encoding="UTF-8"?>
<!-- Generated by org.testng.reporters.JUnitReportReporter -->
<testsuite hostname="Voice-ПК" name="upload.Download" tests="1" failures="0" timestamp="5 Nov 2013 13:09:30 GMT" time="29.004" errors="0">
  <testcase name="download" time="29.004" classname="upload.Download"/>
</testsuite> <!-- upload.Download -->
