<?xml version="1.0" encoding="UTF-8"?>
<!-- Generated by org.testng.reporters.JUnitReportReporter -->
<testsuite hostname="Voice-ПК" name="content.SocialLinks" tests="4" failures="0" timestamp="25 Oct 2013 12:50:00 GMT" time="9.100" errors="0">
  <testcase name="socialOnKazah" time="2.575" classname="content.SocialLinks"/>
  <testcase name="socialOnMusic" time="2.986" classname="content.SocialLinks"/>
  <testcase name="socialOnPlaylist" time="1.221" classname="content.SocialLinks"/>
  <testcase name="socialOnNovinki" time="2.318" classname="content.SocialLinks"/>
</testsuite> <!-- content.SocialLinks -->
