<?xml version="1.0" encoding="UTF-8"?>
<!-- Generated by org.testng.reporters.JUnitReportReporter -->
<testsuite hostname="Voice-ПК" name="content.Artists" tests="3" failures="0" timestamp="31 Oct 2013 12:54:11 GMT" time="6.394" errors="0">
  <testcase name="MusicArtists" time="2.403" classname="content.Artists"/>
  <testcase name="NovinkiArtists" time="1.758" classname="content.Artists"/>
  <testcase name="KazahArtists" time="2.233" classname="content.Artists"/>
</testsuite> <!-- content.Artists -->
