<?xml version="1.0" encoding="UTF-8"?>
<!-- Generated by org.testng.reporters.JUnitReportReporter -->
<testsuite hostname="Voice-ПК" name="upload.Upload" tests="1" failures="0" timestamp="31 Oct 2013 14:05:22 GMT" time="16.257" errors="0">
  <testcase name="UploadTrack" time="16.257" classname="upload.Upload"/>
</testsuite> <!-- upload.Upload -->
