<?xml version="1.0" encoding="UTF-8"?>
<!-- Generated by org.testng.reporters.JUnitReportReporter -->
<testsuite hostname="Voice-ПК" name="user.Login" tests="1" failures="0" timestamp="29 Oct 2013 12:33:24 GMT" time="9.751" errors="0">
  <testcase name="LogIn" time="9.751" classname="user.Login"/>
</testsuite> <!-- user.Login -->
