<?xml version="1.0" encoding="UTF-8"?>
<!-- Generated by org.testng.reporters.JUnitReportReporter -->
<testsuite hostname="Voice-ПК" name="content.Headers" tests="5" failures="0" timestamp="25 Oct 2013 10:55:55 GMT" time="13.220" errors="0">
  <testcase name="MusicHeader" time="2.774" classname="content.Headers"/>
  <testcase name="KazahHeader" time="2.683" classname="content.Headers"/>
  <testcase name="PlaylistHeader" time="2.272" classname="content.Headers"/>
  <testcase name="UploadHeader" time="2.321" classname="content.Headers"/>
  <testcase name="NovinkiHeader" time="3.170" classname="content.Headers"/>
</testsuite> <!-- content.Headers -->
