<?xml version="1.0" encoding="UTF-8"?>
<!-- Generated by org.testng.reporters.JUnitReportReporter -->
<testsuite hostname="Voice-ПК" name="content.Bloks" tests="3" failures="0" timestamp="8 Nov 2013 10:47:06 GMT" time="10.027" errors="0">
  <testcase name="blocksOnMusic" time="2.028" classname="content.Bloks"/>
  <testcase name="BlocksOnNovinki" time="5.895" classname="content.Bloks"/>
  <testcase name="BlocksOnKazah" time="2.104" classname="content.Bloks"/>
</testsuite> <!-- content.Bloks -->
