<?xml version="1.0" encoding="UTF-8"?>
<!-- Generated by org.testng.reporters.JUnitReportReporter -->
<testsuite hostname="Voice-ПК" name="content.Artists" tests="3" failures="0" timestamp="25 Oct 2013 14:01:20 GMT" time="8.752" errors="0">
  <testcase name="MusicArtists" time="2.716" classname="content.Artists"/>
  <testcase name="KazahArtists" time="3.587" classname="content.Artists"/>
  <testcase name="NovinkiArtists" time="2.449" classname="content.Artists"/>
</testsuite> <!-- content.Artists -->
