<?xml version="1.0" encoding="UTF-8"?>
<!-- Generated by org.testng.reporters.JUnitReportReporter -->
<testsuite hostname="Voice-ПК" name="content.Headers" tests="5" failures="0" timestamp="30 Oct 2013 11:40:37 GMT" time="14.044" errors="0">
  <testcase name="PlaylistHeader" time="2.220" classname="content.Headers"/>
  <testcase name="UploadHeader" time="1.888" classname="content.Headers"/>
  <testcase name="KazahHeader" time="2.708" classname="content.Headers"/>
  <testcase name="MusicHeader" time="4.215" classname="content.Headers"/>
  <testcase name="NovinkiHeader" time="3.013" classname="content.Headers"/>
</testsuite> <!-- content.Headers -->
