<?xml version="1.0" encoding="UTF-8"?>
<!-- Generated by org.testng.reporters.JUnitReportReporter -->
<testsuite hostname="Voice-ПК" name="content.Bloks" tests="3" failures="0" timestamp="31 Oct 2013 13:06:31 GMT" time="5.763" errors="0">
  <testcase name="BlocksOnKazah" time="1.548" classname="content.Bloks"/>
  <testcase name="blocksOnMusic" time="2.561" classname="content.Bloks"/>
  <testcase name="BlocksOnNovinki" time="1.654" classname="content.Bloks"/>
</testsuite> <!-- content.Bloks -->
