<?xml version="1.0" encoding="UTF-8"?>
<!-- Generated by org.testng.reporters.JUnitReportReporter -->
<testsuite hostname="Voice-ПК" name="upload.Upload" tests="1" failures="0" timestamp="31 Oct 2013 12:54:11 GMT" time="10.319" errors="0">
  <testcase name="UploadTrack" time="10.319" classname="upload.Upload"/>
</testsuite> <!-- upload.Upload -->
