<?xml version="1.0" encoding="UTF-8"?>
<!-- Generated by org.testng.reporters.JUnitReportReporter -->
<testsuite hostname="Voice-ПК" name="content.Headers" tests="5" failures="0" timestamp="8 Nov 2013 10:47:06 GMT" time="28.150" errors="0">
  <testcase name="MusicHeader" time="6.877" classname="content.Headers"/>
  <testcase name="PlaylistHeader" time="5.136" classname="content.Headers"/>
  <testcase name="UploadHeader" time="6.341" classname="content.Headers"/>
  <testcase name="NovinkiHeader" time="6.888" classname="content.Headers"/>
  <testcase name="KazahHeader" time="2.908" classname="content.Headers"/>
</testsuite> <!-- content.Headers -->
