<?xml version="1.0" encoding="UTF-8"?>
<!-- Generated by org.testng.reporters.JUnitReportReporter -->
<testsuite hostname="Voice-ПК" name="upload.Hi" tests="1" failures="0" timestamp="30 Oct 2013 11:41:29 GMT" time="0.005" errors="0">
  <testcase name="Hallo" time="0.005" classname="upload.Hi"/>
</testsuite> <!-- upload.Hi -->
