<?xml version="1.0" encoding="UTF-8"?>
<!-- Generated by org.testng.reporters.JUnitReportReporter -->
<testsuite hostname="Voice-ПК" name="user.Login" tests="1" failures="0" timestamp="7 Nov 2013 10:51:05 GMT" time="10.448" errors="0">
  <testcase name="LogIn" time="10.448" classname="user.Login"/>
</testsuite> <!-- user.Login -->
