<?xml version="1.0" encoding="UTF-8"?>
<!-- Generated by org.testng.reporters.JUnitReportReporter -->
<testsuite hostname="Voice-ПК" name="content.BlokTitles" tests="3" failures="0" timestamp="25 Oct 2013 12:50:00 GMT" time="7.494" errors="0">
  <testcase name="NovinkiTitles" time="4.297" classname="content.BlokTitles"/>
  <testcase name="KazahTitles" time="1.326" classname="content.BlokTitles"/>
  <testcase name="MusicTitles" time="1.871" classname="content.BlokTitles"/>
</testsuite> <!-- content.BlokTitles -->
