<?xml version="1.0" encoding="UTF-8"?>
<!-- Generated by org.testng.reporters.JUnitReportReporter -->
<testsuite hostname="Voice-ПК" name="content.Bloks" tests="3" failures="0" timestamp="25 Oct 2013 09:55:55 GMT" time="6.122" errors="0">
  <testcase name="BlocksOnKazah" time="2.195" classname="content.Bloks"/>
  <testcase name="blocksOnMusic" time="1.510" classname="content.Bloks"/>
  <testcase name="BlocksOnNovinki" time="2.417" classname="content.Bloks"/>
</testsuite> <!-- content.Bloks -->
