<?xml version="1.0" encoding="UTF-8"?>
<!-- Generated by org.testng.reporters.JUnitReportReporter -->
<testsuite hostname="Voice-ПК" name="content.Headers" tests="5" failures="0" timestamp="24 Oct 2013 09:41:22 GMT" time="22.358" errors="0">
  <testcase name="MusicHeader" time="4.913" classname="content.Headers"/>
  <testcase name="PlaylistHeader" time="3.990" classname="content.Headers"/>
  <testcase name="UploadHeader" time="3.234" classname="content.Headers"/>
  <testcase name="KazahHeader" time="5.602" classname="content.Headers"/>
  <testcase name="NovinkiHeader" time="4.619" classname="content.Headers"/>
</testsuite> <!-- content.Headers -->
