<?xml version="1.0" encoding="UTF-8"?>
<!-- Generated by org.testng.reporters.JUnitReportReporter -->
<testsuite hostname="Voice-ПК" name="content.Genres" tests="2" failures="0" timestamp="5 Nov 2013 22:36:03 GMT" time="14.326" errors="0">
  <testcase name="MusicGenres" time="6.842" classname="content.Genres"/>
  <testcase name="KazahGenres" time="7.484" classname="content.Genres"/>
</testsuite> <!-- content.Genres -->
