<?xml version="1.0" encoding="UTF-8"?>
<!-- Generated by org.testng.reporters.JUnitReportReporter -->
<testsuite hostname="Voice-ПК" name="content.Artists" tests="3" failures="0" timestamp="31 Oct 2013 13:06:31 GMT" time="7.538" errors="0">
  <testcase name="KazahArtists" time="1.951" classname="content.Artists"/>
  <testcase name="NovinkiArtists" time="1.814" classname="content.Artists"/>
  <testcase name="MusicArtists" time="3.773" classname="content.Artists"/>
</testsuite> <!-- content.Artists -->
