<?xml version="1.0" encoding="UTF-8"?>
<!-- Generated by org.testng.reporters.JUnitReportReporter -->
<testsuite hostname="Voice-ПК" name="content.BlokTitles" tests="3" failures="0" timestamp="8 Nov 2013 10:47:06 GMT" time="6.735" errors="0">
  <testcase name="KazahTitles" time="1.630" classname="content.BlokTitles"/>
  <testcase name="MusicTitles" time="1.644" classname="content.BlokTitles"/>
  <testcase name="NovinkiTitles" time="3.461" classname="content.BlokTitles"/>
</testsuite> <!-- content.BlokTitles -->
