<?xml version="1.0" encoding="UTF-8"?>
<!-- Generated by org.testng.reporters.JUnitReportReporter -->
<testsuite hostname="Voice-ПК" name="content.Headers" tests="5" failures="0" timestamp="5 Nov 2013 22:36:03 GMT" time="47.802" errors="0">
  <testcase name="NovinkiHeader" time="8.436" classname="content.Headers"/>
  <testcase name="PlaylistHeader" time="16.730" classname="content.Headers"/>
  <testcase name="KazahHeader" time="7.224" classname="content.Headers"/>
  <testcase name="UploadHeader" time="7.384" classname="content.Headers"/>
  <testcase name="MusicHeader" time="8.028" classname="content.Headers"/>
</testsuite> <!-- content.Headers -->
