<?xml version="1.0" encoding="UTF-8"?>
<!-- Generated by org.testng.reporters.JUnitReportReporter -->
<testsuite hostname="Voice-ПК" name="content.Bloks" tests="3" failures="0" timestamp="25 Oct 2013 14:01:20 GMT" time="6.278" errors="0">
  <testcase name="blocksOnMusic" time="2.168" classname="content.Bloks"/>
  <testcase name="BlocksOnKazah" time="1.888" classname="content.Bloks"/>
  <testcase name="BlocksOnNovinki" time="2.222" classname="content.Bloks"/>
</testsuite> <!-- content.Bloks -->
