<?xml version="1.0" encoding="UTF-8"?>
<!-- Generated by org.testng.reporters.JUnitReportReporter -->
<testsuite hostname="Voice-ПК" name="content.BlokTitles" tests="3" failures="0" timestamp="5 Nov 2013 22:36:03 GMT" time="16.895" errors="0">
  <testcase name="NovinkiTitles" time="5.007" classname="content.BlokTitles"/>
  <testcase name="MusicTitles" time="4.926" classname="content.BlokTitles"/>
  <testcase name="KazahTitles" time="6.962" classname="content.BlokTitles"/>
</testsuite> <!-- content.BlokTitles -->
