<?xml version="1.0" encoding="UTF-8"?>
<!-- Generated by org.testng.reporters.JUnitReportReporter -->
<testsuite hostname="Voice-ПК" name="content.PlayMusicOnLand" tests="1" failures="0" timestamp="25 Oct 2013 10:55:55 GMT" time="6.332" errors="0">
  <testcase name="PlayMusic" time="6.332" classname="content.PlayMusicOnLand"/>
</testsuite> <!-- content.PlayMusicOnLand -->
