<?xml version="1.0" encoding="UTF-8"?>
<!-- Generated by org.testng.reporters.JUnitReportReporter -->
<testsuite hostname="Voice-ПК" name="user.Login" tests="1" failures="0" timestamp="25 Oct 2013 09:55:55 GMT" time="14.013" errors="0">
  <testcase name="LogIn" time="14.013" classname="user.Login"/>
</testsuite> <!-- user.Login -->
