<?xml version="1.0" encoding="UTF-8"?>
<!-- Generated by org.testng.reporters.JUnitReportReporter -->
<testsuite hostname="Voice-ПК" name="content.Bloks" tests="3" failures="0" timestamp="31 Oct 2013 12:54:11 GMT" time="5.375" errors="0">
  <testcase name="BlocksOnKazah" time="1.475" classname="content.Bloks"/>
  <testcase name="blocksOnMusic" time="2.039" classname="content.Bloks"/>
  <testcase name="BlocksOnNovinki" time="1.861" classname="content.Bloks"/>
</testsuite> <!-- content.Bloks -->
