<?xml version="1.0" encoding="UTF-8"?>
<!-- Generated by org.testng.reporters.JUnitReportReporter -->
<testsuite hostname="Voice-ПК" name="user.Login" tests="1" failures="0" timestamp="31 Oct 2013 14:44:13 GMT" time="12.443" errors="0">
  <testcase name="LogIn" time="12.443" classname="user.Login"/>
</testsuite> <!-- user.Login -->
