<?xml version="1.0" encoding="UTF-8"?>
<!-- Generated by org.testng.reporters.JUnitReportReporter -->
<testsuite hostname="Voice-ПК" name="content.SocialLinks" tests="4" failures="0" timestamp="31 Oct 2013 13:06:31 GMT" time="9.082" errors="0">
  <testcase name="socialOnKazah" time="1.844" classname="content.SocialLinks"/>
  <testcase name="socialOnMusic" time="2.502" classname="content.SocialLinks"/>
  <testcase name="socialOnPlaylist" time="2.527" classname="content.SocialLinks"/>
  <testcase name="socialOnNovinki" time="2.209" classname="content.SocialLinks"/>
</testsuite> <!-- content.SocialLinks -->
