<?xml version="1.0" encoding="UTF-8"?>
<!-- Generated by org.testng.reporters.JUnitReportReporter -->
<testsuite hostname="Voice-ПК" name="upload.Upload" tests="1" failures="0" timestamp="29 Oct 2013 09:47:07 GMT" time="12.217" errors="0">
  <testcase name="UploadTrack" time="12.217" classname="upload.Upload"/>
</testsuite> <!-- upload.Upload -->
